0 info it worked if it ends with ok
1 verbose cli [ '/usr/bin/nodejs', '/usr/bin/npm', 'run', 'dev' ]
2 info using npm@3.5.2
3 info using node@v4.2.6
4 verbose run-script [ 'predev', 'dev', 'postdev' ]
5 info lifecycle matching@0.0.1~predev: matching@0.0.1
6 silly lifecycle matching@0.0.1~predev: no script for predev, continuing
7 info lifecycle matching@0.0.1~dev: matching@0.0.1
8 verbose lifecycle matching@0.0.1~dev: unsafe-perm in lifecycle true
9 verbose lifecycle matching@0.0.1~dev: PATH: /usr/share/npm/bin/node-gyp-bin:/home/ubuntu/docker-repository/MicroServicesRestApi-/Matching/node_modules/.bin:/home/ubuntu/bin:/home/ubuntu/.local/bin:/usr/local/sbin:/usr/local/bin:/usr/sbin:/usr/bin:/sbin:/bin:/usr/games:/usr/local/games:/snap/bin
10 verbose lifecycle matching@0.0.1~dev: CWD: /home/ubuntu/docker-repository/MicroServicesRestApi-/Matching
11 silly lifecycle matching@0.0.1~dev: Args: [ '-c', 'nodemon ./dev/server.js' ]
12 info lifecycle matching@0.0.1~dev: Failed to exec dev script
13 verbose stack Error: matching@0.0.1 dev: `nodemon ./dev/server.js`
13 verbose stack spawn ENOENT
13 verbose stack     at ChildProcess.<anonymous> (/usr/share/npm/lib/utils/spawn.js:17:16)
13 verbose stack     at emitTwo (events.js:87:13)
13 verbose stack     at ChildProcess.emit (events.js:172:7)
13 verbose stack     at maybeClose (internal/child_process.js:821:16)
13 verbose stack     at Process.ChildProcess._handle.onexit (internal/child_process.js:211:5)
14 verbose pkgid matching@0.0.1
15 verbose cwd /home/ubuntu/docker-repository/MicroServicesRestApi-/Matching
16 error Linux 4.4.0-1066-aws
17 error argv "/usr/bin/nodejs" "/usr/bin/npm" "run" "dev"
18 error node v4.2.6
19 error npm  v3.5.2
20 error file sh
21 error code ELIFECYCLE
22 error errno ENOENT
23 error syscall spawn
24 error matching@0.0.1 dev: `nodemon ./dev/server.js`
24 error spawn ENOENT
25 error Failed at the matching@0.0.1 dev script 'nodemon ./dev/server.js'.
25 error Make sure you have the latest version of node.js and npm installed.
25 error If you do, this is most likely a problem with the matching package,
25 error not with npm itself.
25 error Tell the author that this fails on your system:
25 error     nodemon ./dev/server.js
25 error You can get information on how to open an issue for this project with:
25 error     npm bugs matching
25 error Or if that isn't available, you can get their info via:
25 error     npm owner ls matching
25 error There is likely additional logging output above.
26 verbose exit [ 1, true ]
